[18:58:16] [main/INFO]: Loading Minecraft 1.19.4 with Fabric Loader 0.14.22
[18:58:16] [main/INFO]: Loading 83 mods:
	- adorn 4.3.0+1.19.4
	- architectury 8.2.89
	- biomemakeover 1.19.4-1.9.5
	   \-- taniwha 1.19.4-4.1.25
	- cloth-config 10.1.105
	   \-- cloth-basic-math 0.6.1
	- creativecore 2.10.12
	   \-- net_minecraftforge_eventbus 6.0.4
	- deathchest 1.1
	- emi 1.0.19+1.19.4+fabric
	- fabric-api 0.87.0+1.19.4
	   |-- fabric-api-base 0.4.28+737a6ee8f4
	   |-- fabric-api-lookup-api-v1 1.6.29+504944c8f4
	   |-- fabric-biome-api-v1 13.0.9+10ce000ff4
	   |-- fabric-block-api-v1 1.0.8+e022e5d1f4
	   |-- fabric-blockrenderlayer-v1 1.1.38+10ce000ff4
	   |-- fabric-client-tags-api-v1 1.1.1+0eee1254f4
	   |-- fabric-command-api-v1 1.2.31+f71b366ff4
	   |-- fabric-command-api-v2 2.2.10+10ce000ff4
	   |-- fabric-commands-v0 0.2.48+df3654b3f4
	   |-- fabric-containers-v0 0.1.59+df3654b3f4
	   |-- fabric-content-registries-v0 3.5.14+10ce000ff4
	   |-- fabric-convention-tags-v1 1.5.3+6d727b51f4
	   |-- fabric-crash-report-info-v1 0.2.17+aeb40ebef4
	   |-- fabric-data-generation-api-v1 11.5.2+26f09d40f4
	   |-- fabric-dimensions-v1 2.1.50+44c9c860f4
	   |-- fabric-entity-events-v1 1.5.17+10ce000ff4
	   |-- fabric-events-interaction-v0 0.6.1+4b6b93f0f4
	   |-- fabric-events-lifecycle-v0 0.2.56+df3654b3f4
	   |-- fabric-game-rule-api-v1 1.0.35+a1ccd7bff4
	   |-- fabric-item-api-v1 2.1.21+10ce000ff4
	   |-- fabric-item-group-api-v1 3.0.10+8400c67ef4
	   |-- fabric-key-binding-api-v1 1.0.35+504944c8f4
	   |-- fabric-keybindings-v0 0.2.33+df3654b3f4
	   |-- fabric-lifecycle-events-v1 2.2.19+10ce000ff4
	   |-- fabric-loot-api-v2 1.1.32+10ce000ff4
	   |-- fabric-loot-tables-v1 1.1.36+9e7660c6f4
	   |-- fabric-message-api-v1 5.1.5+53c11dadf4
	   |-- fabric-mining-level-api-v1 2.1.44+10ce000ff4
	   |-- fabric-model-loading-api-v1 1.0.2+3a1ea2f1f4
	   |-- fabric-models-v0 0.4.1+a0255436f4
	   |-- fabric-networking-api-v1 1.3.6+ae9c4c6af4
	   |-- fabric-networking-v0 0.3.46+df3654b3f4
	   |-- fabric-object-builder-api-v1 7.1.1+d63b52eaf4
	   |-- fabric-particles-v1 1.1.1+86d48884f4
	   |-- fabric-recipe-api-v1 1.0.13+10ce000ff4
	   |-- fabric-registry-sync-v0 2.3.2+95ae8716f4
	   |-- fabric-renderer-api-v1 2.4.2+90110d8df4
	   |-- fabric-renderer-indigo 1.4.2+90110d8df4
	   |-- fabric-renderer-registries-v1 3.2.42+df3654b3f4
	   |-- fabric-rendering-data-attachment-v1 0.3.32+10ce000ff4
	   |-- fabric-rendering-fluids-v1 3.0.25+10ce000ff4
	   |-- fabric-rendering-v0 1.1.45+df3654b3f4
	   |-- fabric-rendering-v1 2.1.5+10ce000ff4
	   |-- fabric-resource-conditions-api-v1 2.3.3+10ce000ff4
	   |-- fabric-resource-loader-v0 0.11.7+8400c67ef4
	   |-- fabric-screen-api-v1 1.0.49+10ce000ff4
	   |-- fabric-screen-handler-api-v1 1.3.25+10ce000ff4
	   |-- fabric-sound-api-v1 1.0.11+10ce000ff4
	   |-- fabric-transfer-api-v1 3.3.0+7bf81db9f4
	   \-- fabric-transitive-access-wideners-v1 3.3.0+1b5f819af4
	- fabric-language-kotlin 1.10.8+kotlin.1.9.0
	   |-- org_jetbrains_kotlin_kotlin-reflect 1.9.0
	   |-- org_jetbrains_kotlin_kotlin-stdlib 1.9.0
	   |-- org_jetbrains_kotlin_kotlin-stdlib-jdk7 1.9.0
	   |-- org_jetbrains_kotlin_kotlin-stdlib-jdk8 1.9.0
	   |-- org_jetbrains_kotlinx_atomicfu-jvm 0.21.0
	   |-- org_jetbrains_kotlinx_kotlinx-coroutines-core-jvm 1.7.2
	   |-- org_jetbrains_kotlinx_kotlinx-coroutines-jdk8 1.7.2
	   |-- org_jetbrains_kotlinx_kotlinx-datetime-jvm 0.4.0
	   |-- org_jetbrains_kotlinx_kotlinx-serialization-cbor-jvm 1.5.1
	   |-- org_jetbrains_kotlinx_kotlinx-serialization-core-jvm 1.5.1
	   \-- org_jetbrains_kotlinx_kotlinx-serialization-json-jvm 1.5.1
	- fabricloader 0.14.22
	- farmersdelight 1.19.4-1.3.13
	- ferritecore 5.2.0
	- java 18
	- krypton 0.2.2
	   \-- com_velocitypowered_velocity-native 3.2.0-SNAPSHOT
	- lithium 0.11.1
	- memoryleakfix 1.1.1
	   \-- com_github_llamalad7_mixinextras 0.2.0-beta.8
	- minecraft 1.19.4
	- mr_upgradable_backpack 1-v9.1
	- phosphor 0.8.1
	- seasons 2.2.1+1.19.4
	- xaerominimap 23.6.1
	- xaeroworldmap 1.32.0
	- yet_another_config_lib_v3 3.1.0+1.19.4
	   |-- com_twelvemonkeys_common_common-image 3.10.0-SNAPSHOT
	   |-- com_twelvemonkeys_common_common-io 3.10.0-SNAPSHOT
	   |-- com_twelvemonkeys_common_common-lang 3.10.0-SNAPSHOT
	   |-- com_twelvemonkeys_imageio_imageio-core 3.10.0-SNAPSHOT
	   |-- com_twelvemonkeys_imageio_imageio-metadata 3.10.0-SNAPSHOT
	   |-- com_twelvemonkeys_imageio_imageio-webp 3.10.0-SNAPSHOT
	   \-- yet_another_config_lib 2.5.1+1.19.4
[18:58:16] [main/INFO]: SpongePowered MIXIN Subsystem Version=0.8.5 Source=file:/C:/Users/lando/Desktop/Repositories/Livs-Server/libraries/net/fabricmc/sponge-mixin/0.12.5+mixin.0.8.5/sponge-mixin-0.12.5+mixin.0.8.5.jar Service=Knot/Fabric Env=SERVER
[18:58:17] [main/INFO]: Compatibility level set to JAVA_16
[18:58:17] [main/INFO]: Compatibility level set to JAVA_17
[18:58:17] [main/INFO]: Loaded configuration file for Lithium: 114 options available, 2 override(s) found
[18:58:17] [main/WARN]: Error loading class: net/minecraft/class_293 (java.lang.ClassNotFoundException: net/minecraft/class_293)
[18:58:17] [main/WARN]: @Mixin target net.minecraft.class_293 was not found creativecore.fabric.mixins.json:VertexFormatMixin from mod creativecore
[18:58:17] [main/WARN]: Force-disabling mixin 'alloc.blockstate.StateMixin' as rule 'mixin.alloc.blockstate' (added by mods [ferritecore]) disables it and children
[18:58:17] [main/WARN]: Force-disabling mixin 'world.player_chunk_tick.ThreadedAnvilChunkStorageMixin' as rule 'mixin.world.player_chunk_tick' (added by mods [krypton]) disables it and children
[18:58:17] [main/INFO]: [MemoryLeakFix] Will be applying 1 memory leak fixes!
[18:58:17] [main/INFO]: [MemoryLeakFix] Currently enabled memory leak fixes: [biomeTemperatureLeak]
[18:58:26] [main/INFO]: Registering C2S receiver with id biomemakeover:cl_complete_quest
[18:58:26] [main/INFO]: Registering C2S receiver with id biomemakeover:update_dir_data
[18:58:26] [main/INFO]: Hello Fabric world!
[18:58:26] [main/INFO]: Compression will use Java, encryption will use Java
[18:58:26] [main/INFO]: [Fabric Seasons] Trying to read config file...
[18:58:26] [main/INFO]: [Fabric Seasons] A config file was found, loading it..
[18:58:26] [main/INFO]: [Fabric Seasons] Successfully loaded config file.
[18:58:26] [main/INFO]: Krypton is now accelerating your Minecraft server's networking stack 🚀
[18:58:26] [main/INFO]: Loading Xaero's Minimap - Stage 1/2 (Server)
[18:58:26] [main/INFO]: Loading Xaero's World Map - Stage 1/2 (Server)
[18:58:26] [main/INFO]: Environment: authHost='https://authserver.mojang.com', accountsHost='https://api.mojang.com', sessionHost='https://sessionserver.mojang.com', servicesHost='https://api.minecraftservices.com', name='PROD'
[18:58:27] [main/INFO]: [fabric-registry-sync] Loaded registry data [file 1/4]
[18:58:27] [main/INFO]: Loaded 10 recipes
[18:58:28] [main/INFO]: Loaded 1765 advancements
[18:58:28] [main/INFO]: [Fabric Seasons] Successfully loaded 15 custom crop configs.
[18:58:29] [main/INFO]: Applied 342 biome modifications to 63 of 63 new biomes in 20.31 ms
[18:58:29] [Server thread/INFO]: Registering compost heaps in village type of plains
[18:58:29] [Server thread/INFO]: Registering compost heaps in village type of savanna
[18:58:29] [Server thread/INFO]: Registering compost heaps in village type of snowy
[18:58:29] [Server thread/INFO]: Registering compost heaps in village type of taiga
[18:58:29] [Server thread/INFO]: Registering compost heaps in village type of desert
[18:58:29] [Server thread/INFO]: Starting minecraft server version 1.19.4
[18:58:29] [Server thread/INFO]: Loading properties
[18:58:29] [Server thread/INFO]: Default game type: SURVIVAL
[18:58:29] [Server thread/INFO]: Generating keypair
[18:58:30] [Server thread/INFO]: Starting Minecraft server on *:25565
[18:58:30] [Server thread/INFO]: Using default channel type
[18:58:30] [Server thread/INFO]: Preparing level "world"
[18:58:31] [Server thread/INFO]: Preparing start region for dimension minecraft:overworld
[18:58:33] [Worker-Main-6/INFO]: Preparing spawn area: 0%
[18:58:33] [Worker-Main-13/INFO]: Preparing spawn area: 0%
[18:58:33] [Worker-Main-14/INFO]: Preparing spawn area: 0%
[18:58:33] [Worker-Main-15/INFO]: Preparing spawn area: 0%
[18:58:33] [Worker-Main-11/INFO]: Preparing spawn area: 0%
[18:58:34] [Worker-Main-4/INFO]: Preparing spawn area: 32%
[18:58:34] [Server thread/INFO]: Time elapsed: 2834 ms
[18:58:34] [Server thread/INFO]: Done (3.975s)! For help, type "help"
[18:58:34] [Server thread/INFO]: Loading Xaero's Minimap - Stage 2/2 (Server)
[18:58:34] [Server thread/INFO]: Loading Xaero's World Map - Stage 2/2 (Server)
[18:58:42] [Server thread/INFO]: Glow Squid died due to drown damage source
[18:59:36] [User Authenticator #1/INFO]: UUID of player Avocado5100 is 8b074c9e-2458-4e6c-839b-4fca18542a70
[18:59:36] [Server thread/INFO]: Avocado5100[/192.168.0.9:64412] logged in with entity id 116 at (8.5, 67.0, -5.5)
[18:59:36] [Server thread/INFO]: Avocado5100 joined the game
[18:59:37] [Server thread/INFO]: Bat died due to onFire damage source
[18:59:45] [User Authenticator #2/INFO]: UUID of player ShadowStar18 is e22a83e5-205b-49c9-b900-cc2e01d0e6df
[18:59:45] [Server thread/INFO]: ShadowStar18[/127.0.0.1:61383] logged in with entity id 299 at (3.5928581062996683, 77.0, 8.074444945697644)
[18:59:45] [Server thread/INFO]: ShadowStar18 joined the game
[19:00:52] [Server thread/INFO]: Glow Squid died due to drown damage source
[19:01:13] [Server thread/INFO]: Glow Squid died due to drown damage source
[19:01:33] [Server thread/INFO]: Glow Squid died due to drown damage source
[19:01:34] [Server thread/INFO]: Glow Squid died due to drown damage source
[19:01:39] [Server thread/INFO]: Sheep died due to player damage source
[19:01:39] [Server thread/INFO]: Glow Squid died due to drown damage source
[19:01:52] [Server thread/INFO]: Glow Squid died due to fall damage source
[19:01:55] [Server thread/INFO]: Sheep died due to player damage source
[19:01:56] [Server thread/INFO]: Glow Squid died due to mob damage source
[19:02:00] [Server thread/INFO]: Glow Squid died due to stalagmite damage source
[19:02:13] [Server thread/INFO]: Sheep died due to player damage source
[19:02:14] [Server thread/INFO]: Glow Squid died due to mob damage source
[19:02:17] [Server thread/INFO]: Glow Squid died due to drown damage source
[19:02:28] [Server thread/INFO]: Glow Squid died due to mob damage source
[19:02:36] [Server thread/INFO]: Sheep died due to player damage source
[19:02:37] [Server thread/INFO]: Glow Squid died due to drown damage source
[19:02:38] [Server thread/INFO]: Glow Squid died due to drown damage source
[19:02:57] [Server thread/INFO]: Glow Squid died due to drown damage source
[19:03:10] [Server thread/INFO]: ShadowStar18 has made the advancement [Stone Age]
[19:03:26] [Server thread/INFO]: Glow Squid died due to drown damage source
[19:03:48] [Server thread/INFO]: Sheep died due to player damage source
[19:03:58] [Server thread/INFO]: ShadowStar18 has made the advancement [Getting an Upgrade]
[19:03:58] [Server thread/INFO]: Sheep died due to player damage source
[19:04:09] [Server thread/INFO]: Glow Squid died due to drown damage source
[19:04:11] [Server thread/INFO]: Sheep died due to player damage source
[19:04:16] [Server thread/INFO]: Glow Squid died due to drown damage source
[19:04:21] [Server thread/INFO]: Glow Squid died due to drown damage source
[19:04:27] [Server thread/INFO]: Glow Squid died due to drown damage source
[19:04:50] [Server thread/INFO]: Glow Squid died due to drown damage source
[19:04:51] [Server thread/INFO]: Glow Squid died due to drown damage source
[19:05:30] [Server thread/INFO]: Bat died due to lava damage source
[19:06:04] [Server thread/INFO]: Glow Squid died due to drown damage source
[19:06:28] [Server thread/INFO]: Glow Squid died due to drown damage source
[19:07:59] [Server thread/INFO]: Glow Squid died due to drown damage source
[19:08:06] [Server thread/INFO]: Bat died due to lava damage source
[19:08:10] [Server thread/INFO]: Bat died due to lava damage source
[19:08:32] [Server thread/INFO]: Bat died due to lava damage source
[19:08:50] [Server thread/INFO]: Cow died due to player damage source
[19:10:00] [Server thread/INFO]: Cow died due to player damage source
[19:10:21] [Server thread/INFO]: Bat died due to lava damage source
[19:10:29] [Server thread/INFO]: Pig died due to player damage source
[19:11:38] [Server thread/INFO]: Glow Squid died due to drown damage source
[19:11:43] [Server thread/INFO]: Bat died due to onFire damage source
[19:11:47] [Server thread/INFO]: Glow Squid died due to stalagmite damage source
[19:12:02] [Server thread/INFO]: Glow Squid died due to fall damage source
[19:12:20] [Server thread/INFO]: Glow Squid died due to drown damage source
[19:13:00] [Server thread/INFO]: Glow Squid died due to drown damage source
[19:13:00] [Server thread/INFO]: Glow Squid died due to drown damage source
[19:13:11] [Server thread/INFO]: Axolotl died due to hotFloor damage source
[19:13:23] [Server thread/INFO]: Glow Squid died due to mob damage source
[19:13:35] [Server thread/INFO]: Glow Squid died due to drown damage source
[19:14:09] [Server thread/INFO]: Squid died due to drown damage source
[19:14:23] [Server thread/INFO]: Bat died due to lava damage source
[19:14:34] [Server thread/INFO]: Glow Squid died due to drown damage source
[19:14:37] [Server thread/INFO]: Bat died due to onFire damage source
[19:14:59] [Server thread/INFO]: Glow Squid died due to mob damage source
[19:15:50] [Server thread/INFO]: Tropical Fish died due to mob damage source
[19:16:28] [Server thread/INFO]: Glow Squid died due to mob damage source
[19:17:02] [Server thread/INFO]: Squid died due to drown damage source
[19:17:12] [Server thread/INFO]: Glow Squid died due to mob damage source
[19:17:16] [Server thread/INFO]: Avocado5100 has made the advancement [Hostile Neighbors]
[19:17:18] [Server thread/INFO]: Glow Squid died due to mob damage source
[19:18:58] [Server thread/INFO]: Avocado5100 has made the advancement [Orange is the New Orange]
[19:19:18] [Server thread/INFO]: ShadowStar18 has made the advancement [Sick Shard]
[19:19:22] [Server thread/INFO]: ShadowStar18 has made the advancement [Acquire Hardware]
[19:20:07] [Server thread/INFO]: Bat died due to onFire damage source
[19:20:11] [Server thread/INFO]: Avocado5100 has made the advancement [Acquire Hardware]
[19:21:42] [Server thread/INFO]: Avocado5100 has made the advancement [Sick Shard]
[19:23:56] [Server thread/INFO]: Glow Squid died due to drown damage source
[19:24:02] [Server thread/INFO]: Bat died due to lava damage source
[19:24:05] [Server thread/INFO]: Bat died due to onFire damage source
[19:24:23] [Server thread/INFO]: Glow Squid died due to drown damage source
[19:24:28] [Server thread/INFO]: Glow Squid died due to mob damage source
[19:25:52] [Server thread/INFO]: Glow Squid died due to drown damage source
[19:25:56] [Server thread/INFO]: Glow Squid died due to drown damage source
[19:26:27] [Server thread/INFO]: Glow Squid died due to drown damage source
[19:27:39] [Server thread/INFO]: Bat died due to lava damage source
[19:28:10] [Server thread/INFO]: Bat died due to lava damage source
[19:28:39] [Server thread/INFO]: Bat died due to onFire damage source
[19:29:25] [Server thread/INFO]: Avocado5100 has made the advancement [Isn't It Iron Pick]
[19:29:26] [Server thread/INFO]: ShadowStar18 has made the advancement [Isn't It Iron Pick]
[19:30:11] [Server thread/INFO]: ShadowStar18 has made the advancement [Cursed]
[19:31:08] [Server thread/INFO]: Bat died due to lava damage source
[19:31:16] [Server thread/INFO]: Salmon died due to hotFloor damage source
[19:33:41] [Server thread/INFO]: Glow Squid died due to drown damage source
[19:33:45] [Server thread/INFO]: Glow Squid died due to mob damage source
[19:34:23] [Server thread/INFO]: Bat died due to lava damage source
[19:34:35] [Server thread/INFO]: ShadowStar18 has reached the goal [Dark Dance]
[19:35:22] [Server thread/INFO]: Glow Squid died due to drown damage source
[19:37:18] [Server thread/INFO]: Axolotl died due to lava damage source
[19:37:47] [Server thread/INFO]: Glow Squid died due to drown damage source
[19:37:48] [Server thread/INFO]: Bat died due to lava damage source
[19:40:00] [Server thread/INFO]: Glow Squid died due to mob damage source
[19:40:01] [Server thread/INFO]: Glow Squid died due to drown damage source
[19:40:07] [Server thread/INFO]: Glow Squid died due to drown damage source
[19:40:29] [Server thread/INFO]: Glow Squid died due to mob damage source
[19:40:41] [Server thread/INFO]: Squid died due to drown damage source
[19:40:47] [Server thread/INFO]: Glow Squid died due to mob damage source
[19:40:50] [Server thread/INFO]: Bat died due to lava damage source
[19:40:52] [Server thread/INFO]: Cow died due to player damage source
[19:42:12] [Server thread/INFO]: Bat died due to lava damage source
[19:42:43] [Server thread/INFO]: Bat died due to onFire damage source
[19:45:37] [Server thread/INFO]: Salmon died due to hotFloor damage source
[19:49:56] [Server thread/INFO]: Glow Squid died due to drown damage source
[19:50:51] [Server thread/INFO]: Glow Squid died due to drown damage source
[19:50:54] [Server thread/INFO]: Bat died due to lava damage source
[19:51:02] [Server thread/INFO]: Bat died due to onFire damage source
[19:51:32] [Server thread/INFO]: Avocado5100 has made the advancement [Yee hawnted]
[19:51:36] [Server thread/INFO]: ShadowStar18 has made the advancement [Yee hawnted]
[19:53:07] [Server thread/INFO]: Bat died due to onFire damage source
[19:53:24] [Server thread/INFO]: Bat died due to onFire damage source
[19:53:29] [Server thread/INFO]: ShadowStar18 has reached the goal [Ragtime Gal]
[19:54:12] [Server thread/INFO]: Bat died due to lava damage source
[19:55:53] [Server thread/INFO]: Avocado5100 has reached the goal [Ragtime Gal]
[19:59:14] [Server thread/INFO]: Glow Squid died due to drown damage source
[19:59:14] [Server thread/INFO]: Glow Squid died due to drown damage source
[20:01:19] [Server thread/INFO]: Bat died due to lava damage source
[20:01:20] [Server thread/INFO]: Glow Squid died due to drown damage source
[20:01:20] [Server thread/INFO]: Glow Squid died due to drown damage source
[20:01:41] [Server thread/INFO]: Glow Squid died due to drown damage source
[20:01:42] [Server thread/INFO]: Glow Squid died due to drown damage source
[20:01:58] [Server thread/INFO]: Scuttler died due to player damage source
[20:01:58] [Server thread/INFO]: ShadowStar18 has made the advancement [Rattling Rump]
[20:02:15] [Server thread/INFO]: Bat died due to lava damage source
[20:02:15] [Server thread/INFO]: Avocado5100 has made the advancement [Rattling Rump]
[20:02:42] [Server thread/INFO]: Bat died due to onFire damage source
[20:02:49] [Server thread/INFO]: Bat died due to lava damage source
[20:03:36] [Server thread/INFO]: Glow Squid died due to drown damage source
[20:03:47] [Server thread/INFO]: Bat died due to lava damage source
[20:04:30] [Server thread/INFO]: ShadowStar18 has made the advancement [Crops of the Wild]
[20:05:06] [Server thread/INFO]: Glow Squid died due to drown damage source
[20:05:07] [Server thread/INFO]: Glow Squid died due to drown damage source
[20:06:07] [Server thread/INFO]: Glow Squid died due to drown damage source
[20:08:39] [Server thread/INFO]: Bat died due to lava damage source
[20:08:56] [Server thread/INFO]: Avocado5100 has made the advancement [Stone Age]
[20:09:31] [Server thread/INFO]: Bat died due to lava damage source
[20:09:40] [Server thread/INFO]: Bat died due to onFire damage source
[20:10:20] [Server thread/INFO]: Bat died due to lava damage source
[20:14:50] [Server thread/INFO]: Bat died due to onFire damage source
[20:16:49] [Server thread/INFO]: Bat died due to onFire damage source
[20:17:16] [Server thread/INFO]: Avocado5100 lost connection: Disconnected
[20:17:16] [Server thread/INFO]: Avocado5100 left the game
[20:17:17] [Server thread/INFO]: ShadowStar18 lost connection: Disconnected
[20:17:17] [Server thread/INFO]: ShadowStar18 left the game
[20:17:42] [Server thread/INFO]: Stopping the server
[20:17:42] [Server thread/INFO]: Stopping server
[20:17:42] [Server thread/INFO]: Saving players
[20:17:42] [Server thread/INFO]: Saving worlds
[20:17:43] [Server thread/INFO]: Saving chunks for level 'ServerLevel[world]'/minecraft:overworld
[20:17:43] [Server thread/INFO]: Saving chunks for level 'ServerLevel[world]'/minecraft:the_end
[20:17:43] [Server thread/INFO]: Saving chunks for level 'ServerLevel[world]'/minecraft:the_nether
[20:17:43] [Server thread/INFO]: ThreadedAnvilChunkStorage (world): All chunks are saved
[20:17:43] [Server thread/INFO]: ThreadedAnvilChunkStorage (DIM1): All chunks are saved
[20:17:43] [Server thread/INFO]: ThreadedAnvilChunkStorage (DIM-1): All chunks are saved
[20:17:43] [Server thread/INFO]: ThreadedAnvilChunkStorage: All dimensions are saved
